<?xml version="1.0" encoding="UTF-8"?>
<testsuite xmlns:xsi="http://www.w3.org/2001/XMLSchema-instance" xsi:noNamespaceSchemaLocation="https://maven.apache.org/surefire/maven-surefire-plugin/xsd/surefire-test-report.xsd" name="BonusServiceTest" time="0.06" tests="4" errors="0" skipped="0" failures="0">
  <properties>
[...]
</properties>
  <testcase name="shouldCalculateRegistredFalseAndBonusUnderLimit" classname="BonusServiceTest" time="0.044"/>
  <testcase name="shouldCalculateRegistredAndBonusUnderLimit" classname="BonusServiceTest" time="0"/>
  <testcase name="shouldCalculateRegistredAndBonusOverLimit" classname="BonusServiceTest" time="0"/>
  <testcase name="shouldCalculateRegistredFalseAndBonusOverLimit" classname="BonusServiceTest" time="0.001"/>
</testsuite>